2016-07-12 10:33:54.801  INFO 12544 --- [restartedMain] c.h.s.SpringBootDemoApplication          : Starting SpringBootDemoApplication on hongzhang with PID 12544 (G:\code\java-demo\spring-boot\build\classes\main started by hz in G:\code\java-demo\spring-boot)
2016-07-12 10:33:54.811  INFO 12544 --- [restartedMain] c.h.s.SpringBootDemoApplication          : No active profile set, falling back to default profiles: default
2016-07-12 10:33:54.979  INFO 12544 --- [restartedMain] ationConfigEmbeddedWebApplicationContext : Refreshing org.springframework.boot.context.embedded.AnnotationConfigEmbeddedWebApplicationContext@7561ddcd: startup date [Tue Jul 12 10:33:54 CST 2016]; root of context hierarchy
2016-07-12 10:33:58.221  INFO 12544 --- [restartedMain] s.b.c.e.t.TomcatEmbeddedServletContainer : Tomcat initialized with port(s): 8080 (http)
2016-07-12 10:33:58.305  INFO 12544 --- [restartedMain] o.apache.catalina.core.StandardService   : Starting service Tomcat
2016-07-12 10:33:58.307  INFO 12544 --- [restartedMain] org.apache.catalina.core.StandardEngine  : Starting Servlet Engine: Apache Tomcat/8.0.36
2016-07-12 10:33:58.531  INFO 12544 --- [localhost-startStop-1] o.a.c.c.C.[Tomcat].[localhost].[/]       : Initializing Spring embedded WebApplicationContext
2016-07-12 10:33:58.531  INFO 12544 --- [localhost-startStop-1] o.s.web.context.ContextLoader            : Root WebApplicationContext: initialization completed in 3557 ms
2016-07-12 10:33:58.958  INFO 12544 --- [localhost-startStop-1] o.s.b.c.e.ServletRegistrationBean        : Mapping servlet: 'dispatcherServlet' to [/]
2016-07-12 10:33:58.964  INFO 12544 --- [localhost-startStop-1] o.s.b.c.embedded.FilterRegistrationBean  : Mapping filter: 'characterEncodingFilter' to: [/*]
2016-07-12 10:33:58.966  INFO 12544 --- [localhost-startStop-1] o.s.b.c.embedded.FilterRegistrationBean  : Mapping filter: 'hiddenHttpMethodFilter' to: [/*]
2016-07-12 10:33:58.966  INFO 12544 --- [localhost-startStop-1] o.s.b.c.embedded.FilterRegistrationBean  : Mapping filter: 'httpPutFormContentFilter' to: [/*]
2016-07-12 10:33:58.966  INFO 12544 --- [localhost-startStop-1] o.s.b.c.embedded.FilterRegistrationBean  : Mapping filter: 'requestContextFilter' to: [/*]
2016-07-12 10:33:59.438  INFO 12544 --- [restartedMain] s.w.s.m.m.a.RequestMappingHandlerAdapter : Looking for @ControllerAdvice: org.springframework.boot.context.embedded.AnnotationConfigEmbeddedWebApplicationContext@7561ddcd: startup date [Tue Jul 12 10:33:54 CST 2016]; root of context hierarchy
2016-07-12 10:33:59.516  INFO 12544 --- [restartedMain] s.w.s.m.m.a.RequestMappingHandlerMapping : Mapped "{[/]}" onto java.lang.String com.hz.springdemo.web.HomeController.home()
2016-07-12 10:33:59.519  INFO 12544 --- [restartedMain] s.w.s.m.m.a.RequestMappingHandlerMapping : Mapped "{[/error]}" onto public org.springframework.http.ResponseEntity<java.util.Map<java.lang.String, java.lang.Object>> org.springframework.boot.autoconfigure.web.BasicErrorController.error(javax.servlet.http.HttpServletRequest)
2016-07-12 10:33:59.521  INFO 12544 --- [restartedMain] s.w.s.m.m.a.RequestMappingHandlerMapping : Mapped "{[/error],produces=[text/html]}" onto public org.springframework.web.servlet.ModelAndView org.springframework.boot.autoconfigure.web.BasicErrorController.errorHtml(javax.servlet.http.HttpServletRequest,javax.servlet.http.HttpServletResponse)
2016-07-12 10:33:59.553  INFO 12544 --- [restartedMain] o.s.w.s.handler.SimpleUrlHandlerMapping  : Mapped URL path [/webjars/**] onto handler of type [class org.springframework.web.servlet.resource.ResourceHttpRequestHandler]
2016-07-12 10:33:59.555  INFO 12544 --- [restartedMain] o.s.w.s.handler.SimpleUrlHandlerMapping  : Mapped URL path [/**] onto handler of type [class org.springframework.web.servlet.resource.ResourceHttpRequestHandler]
2016-07-12 10:33:59.608  INFO 12544 --- [restartedMain] o.s.w.s.handler.SimpleUrlHandlerMapping  : Mapped URL path [/**/favicon.ico] onto handler of type [class org.springframework.web.servlet.resource.ResourceHttpRequestHandler]
2016-07-12 10:33:59.840  INFO 12544 --- [restartedMain] o.s.b.d.a.OptionalLiveReloadServer       : LiveReload server is running on port 35729
2016-07-12 10:33:59.900  INFO 12544 --- [restartedMain] o.s.j.e.a.AnnotationMBeanExporter        : Registering beans for JMX exposure on startup
2016-07-12 10:34:00.023  INFO 12544 --- [restartedMain] s.b.c.e.t.TomcatEmbeddedServletContainer : Tomcat started on port(s): 8080 (http)
2016-07-12 10:34:00.045  INFO 12544 --- [restartedMain] c.h.s.SpringBootDemoApplication          : Started SpringBootDemoApplication in 5.726 seconds (JVM running for 6.366)
2016-07-12 10:34:26.717  INFO 12544 --- [http-nio-8080-exec-1] o.a.c.c.C.[Tomcat].[localhost].[/]       : Initializing Spring FrameworkServlet 'dispatcherServlet'
2016-07-12 10:34:26.717  INFO 12544 --- [http-nio-8080-exec-1] o.s.web.servlet.DispatcherServlet        : FrameworkServlet 'dispatcherServlet': initialization started
2016-07-12 10:34:26.737  INFO 12544 --- [http-nio-8080-exec-1] o.s.web.servlet.DispatcherServlet        : FrameworkServlet 'dispatcherServlet': initialization completed in 20 ms
2016-07-12 10:36:04.561  INFO 12544 --- [Thread-8] ationConfigEmbeddedWebApplicationContext : Closing org.springframework.boot.context.embedded.AnnotationConfigEmbeddedWebApplicationContext@7561ddcd: startup date [Tue Jul 12 10:33:54 CST 2016]; root of context hierarchy
2016-07-12 10:36:04.570  INFO 12544 --- [Thread-8] o.s.j.e.a.AnnotationMBeanExporter        : Unregistering JMX-exposed beans on shutdown
