2016-07-12 10:40:20.864  INFO 5640 --- [restartedMain] c.h.s.SpringBootDemoApplication          : Starting SpringBootDemoApplication on hongzhang with PID 5640 (G:\code\java-demo\spring-boot\build\classes\main started by hz in G:\code\java-demo\spring-boot)
2016-07-12 10:40:20.866  INFO 5640 --- [restartedMain] c.h.s.SpringBootDemoApplication          : No active profile set, falling back to default profiles: default
2016-07-12 10:40:20.875  INFO 5640 --- [restartedMain] ationConfigEmbeddedWebApplicationContext : Refreshing org.springframework.boot.context.embedded.AnnotationConfigEmbeddedWebApplicationContext@51ea0d10: startup date [Tue Jul 12 10:40:20 CST 2016]; root of context hierarchy
2016-07-12 10:40:22.492  INFO 5640 --- [restartedMain] s.b.c.e.t.TomcatEmbeddedServletContainer : Tomcat initialized with port(s): 8080 (http)
2016-07-12 10:40:22.494  INFO 5640 --- [restartedMain] o.apache.catalina.core.StandardService   : Starting service Tomcat
2016-07-12 10:40:22.495  INFO 5640 --- [restartedMain] org.apache.catalina.core.StandardEngine  : Starting Servlet Engine: Apache Tomcat/8.0.36
2016-07-12 10:40:22.711  INFO 5640 --- [localhost-startStop-1] o.a.c.c.C.[Tomcat].[localhost].[/]       : Initializing Spring embedded WebApplicationContext
2016-07-12 10:40:22.713  INFO 5640 --- [localhost-startStop-1] o.s.web.context.ContextLoader            : Root WebApplicationContext: initialization completed in 1838 ms
2016-07-12 10:40:22.847  INFO 5640 --- [localhost-startStop-1] o.s.b.c.e.ServletRegistrationBean        : Mapping servlet: 'dispatcherServlet' to [/]
2016-07-12 10:40:22.850  INFO 5640 --- [localhost-startStop-1] o.s.b.c.embedded.FilterRegistrationBean  : Mapping filter: 'characterEncodingFilter' to: [/*]
2016-07-12 10:40:22.851  INFO 5640 --- [localhost-startStop-1] o.s.b.c.embedded.FilterRegistrationBean  : Mapping filter: 'hiddenHttpMethodFilter' to: [/*]
2016-07-12 10:40:22.851  INFO 5640 --- [localhost-startStop-1] o.s.b.c.embedded.FilterRegistrationBean  : Mapping filter: 'httpPutFormContentFilter' to: [/*]
2016-07-12 10:40:22.852  INFO 5640 --- [localhost-startStop-1] o.s.b.c.embedded.FilterRegistrationBean  : Mapping filter: 'requestContextFilter' to: [/*]
2016-07-12 10:40:22.999  INFO 5640 --- [restartedMain] s.w.s.m.m.a.RequestMappingHandlerAdapter : Looking for @ControllerAdvice: org.springframework.boot.context.embedded.AnnotationConfigEmbeddedWebApplicationContext@51ea0d10: startup date [Tue Jul 12 10:40:20 CST 2016]; root of context hierarchy
2016-07-12 10:40:23.015  INFO 5640 --- [restartedMain] s.w.s.m.m.a.RequestMappingHandlerMapping : Mapped "{[/]}" onto java.lang.String com.hz.springdemo.web.HomeController.home()
2016-07-12 10:40:23.020  INFO 5640 --- [restartedMain] s.w.s.m.m.a.RequestMappingHandlerMapping : Mapped "{[/error]}" onto public org.springframework.http.ResponseEntity<java.util.Map<java.lang.String, java.lang.Object>> org.springframework.boot.autoconfigure.web.BasicErrorController.error(javax.servlet.http.HttpServletRequest)
2016-07-12 10:40:23.021  INFO 5640 --- [restartedMain] s.w.s.m.m.a.RequestMappingHandlerMapping : Mapped "{[/error],produces=[text/html]}" onto public org.springframework.web.servlet.ModelAndView org.springframework.boot.autoconfigure.web.BasicErrorController.errorHtml(javax.servlet.http.HttpServletRequest,javax.servlet.http.HttpServletResponse)
2016-07-12 10:40:23.040  INFO 5640 --- [restartedMain] o.s.w.s.handler.SimpleUrlHandlerMapping  : Mapped URL path [/webjars/**] onto handler of type [class org.springframework.web.servlet.resource.ResourceHttpRequestHandler]
2016-07-12 10:40:23.041  INFO 5640 --- [restartedMain] o.s.w.s.handler.SimpleUrlHandlerMapping  : Mapped URL path [/**] onto handler of type [class org.springframework.web.servlet.resource.ResourceHttpRequestHandler]
2016-07-12 10:40:23.106  INFO 5640 --- [restartedMain] o.s.w.s.handler.SimpleUrlHandlerMapping  : Mapped URL path [/**/favicon.ico] onto handler of type [class org.springframework.web.servlet.resource.ResourceHttpRequestHandler]
2016-07-12 10:40:23.157  INFO 5640 --- [restartedMain] o.s.b.d.a.OptionalLiveReloadServer       : LiveReload server is running on port 35729
2016-07-12 10:40:23.224  INFO 5640 --- [restartedMain] o.s.j.e.a.AnnotationMBeanExporter        : Registering beans for JMX exposure on startup
2016-07-12 10:40:23.256  INFO 5640 --- [restartedMain] s.b.c.e.t.TomcatEmbeddedServletContainer : Tomcat started on port(s): 8080 (http)
2016-07-12 10:40:23.268  INFO 5640 --- [restartedMain] c.h.s.SpringBootDemoApplication          : Started SpringBootDemoApplication in 2.479 seconds (JVM running for 259.958)
2016-07-12 10:40:24.242  INFO 10880 --- [Test worker] c.h.s.SpringBootDemoApplicationTests     : Starting SpringBootDemoApplicationTests on hongzhang with PID 10880 (G:\code\java-demo\spring-boot\build\classes\test started by hz in G:\code\java-demo\spring-boot)
2016-07-12 10:40:24.266  INFO 10880 --- [Test worker] c.h.s.SpringBootDemoApplicationTests     : No active profile set, falling back to default profiles: default
2016-07-12 10:40:24.384  INFO 10880 --- [Test worker] o.s.w.c.s.GenericWebApplicationContext   : Refreshing org.springframework.web.context.support.GenericWebApplicationContext@711f2d1e: startup date [Tue Jul 12 10:40:24 CST 2016]; root of context hierarchy
2016-07-12 10:40:27.253  INFO 10880 --- [Test worker] s.w.s.m.m.a.RequestMappingHandlerAdapter : Looking for @ControllerAdvice: org.springframework.web.context.support.GenericWebApplicationContext@711f2d1e: startup date [Tue Jul 12 10:40:24 CST 2016]; root of context hierarchy
2016-07-12 10:40:27.347  INFO 10880 --- [Test worker] s.w.s.m.m.a.RequestMappingHandlerMapping : Mapped "{[/]}" onto java.lang.String com.hz.springdemo.web.HomeController.home()
2016-07-12 10:40:27.351  INFO 10880 --- [Test worker] s.w.s.m.m.a.RequestMappingHandlerMapping : Mapped "{[/error]}" onto public org.springframework.http.ResponseEntity<java.util.Map<java.lang.String, java.lang.Object>> org.springframework.boot.autoconfigure.web.BasicErrorController.error(javax.servlet.http.HttpServletRequest)
2016-07-12 10:40:27.352  INFO 10880 --- [Test worker] s.w.s.m.m.a.RequestMappingHandlerMapping : Mapped "{[/error],produces=[text/html]}" onto public org.springframework.web.servlet.ModelAndView org.springframework.boot.autoconfigure.web.BasicErrorController.errorHtml(javax.servlet.http.HttpServletRequest,javax.servlet.http.HttpServletResponse)
2016-07-12 10:40:27.394  INFO 10880 --- [Test worker] o.s.w.s.handler.SimpleUrlHandlerMapping  : Mapped URL path [/webjars/**] onto handler of type [class org.springframework.web.servlet.resource.ResourceHttpRequestHandler]
2016-07-12 10:40:27.395  INFO 10880 --- [Test worker] o.s.w.s.handler.SimpleUrlHandlerMapping  : Mapped URL path [/**] onto handler of type [class org.springframework.web.servlet.resource.ResourceHttpRequestHandler]
2016-07-12 10:40:27.451  INFO 10880 --- [Test worker] o.s.w.s.handler.SimpleUrlHandlerMapping  : Mapped URL path [/**/favicon.ico] onto handler of type [class org.springframework.web.servlet.resource.ResourceHttpRequestHandler]
2016-07-12 10:40:27.610  INFO 10880 --- [Test worker] c.h.s.SpringBootDemoApplicationTests     : Started SpringBootDemoApplicationTests in 4.15 seconds (JVM running for 6.853)
2016-07-12 10:40:27.652  INFO 10880 --- [Thread-5] o.s.w.c.s.GenericWebApplicationContext   : Closing org.springframework.web.context.support.GenericWebApplicationContext@711f2d1e: startup date [Tue Jul 12 10:40:24 CST 2016]; root of context hierarchy
